C51 COMPILER V8.01   ASANSOR                                                               05/21/2006 21:28:37 PAGE 1   


C51 COMPILER V8.01, COMPILATION OF MODULE ASANSOR
OBJECT MODULE PLACED IN asansor.OBJ
COMPILER INVOKED BY: C:\Keil\C51\BIN\C51.EXE asansor.c BROWSE DEBUG OBJECTEXTEND

line level    source

   1          #include <REG51.H>
   2          #include <stdio.h>
   3          
   4          int kat,tur,hiz;
   5          
   6          tur=10;         //her kat için motorun dönme sayisi
   7          hiz=10;     //motorun dönüþ hizi                0 max  32000 min
   8          
   9          bekle(c)
  10          {
  11   1      int i,j;
  12   1      if(c==0)
  13   1      {
  14   2      for(i=0;i<500;i++)
  15   2      {
  16   3      for(j=0;j<hiz;j++)
  17   3      {
  18   4      ;
  19   4      }
  20   3      }
  21   2      }
  22   1      return;
  23   1      }
  24          
  25          
  26          // asansor yukari cikiyor
  27          yukari(b)
  28          {
  29   1      int i,j;
  30   1      for (i=1;i<=b;i++)
  31   1      {
  32   2      
  33   2      for (j=0;j<=10;j++)
  34   2      {
  35   3      P3=1;
  36   3      bekle(0);
  37   3      P3=2;
  38   3      bekle(0);
  39   3      P3=4;
  40   3      bekle(0);
  41   3      P3=8;
  42   3      bekle(0);
  43   3      }
  44   2      P2=kat+i;
  45   2      }
  46   1      kat=kat+b;
  47   1      return;
  48   1      }
  49          
  50          // asansor asagi iniyor
  51          asagi(b)
  52          {
  53   1      int i,j;
  54   1      for (i=1;i<=b;i++)
  55   1      {
C51 COMPILER V8.01   ASANSOR                                                               05/21/2006 21:28:37 PAGE 2   

  56   2      for (j=0;j<=tur;j++)
  57   2      {
  58   3      P3=8;
  59   3      bekle(0);
  60   3      P3=4;
  61   3      bekle(0);
  62   3      P3=2;
  63   3      bekle(0);
  64   3      P3=1;
  65   3      bekle(0);
  66   3      }
  67   2      P2=kat-i;
  68   2      }
  69   1      kat=kat-b;
  70   1      return;
  71   1      }
  72          
  73          
  74          
  75          kontrol(a)
  76          {
  77   1      int fark;
  78   1      if(a>kat)
  79   1      {
  80   2      fark=a-kat;
  81   2      yukari(fark);
  82   2      }
  83   1      
  84   1      if(a<kat)
  85   1      {
  86   2      fark=kat-a;
  87   2      asagi(fark);
  88   2      }
  89   1      return;
  90   1      }
  91          
  92          
  93          main()
  94          {
  95   1      int kat1;
  96   1      kat=0;
  97   1      P2=kat;
  98   1      while(1)
  99   1      {
 100   2      if(P0==1)
 101   2      {
 102   3      kat1=1;
 103   3      kontrol(1);
 104   3      }
 105   2      
 106   2      if(P0==2)
 107   2      {
 108   3      kat1=2;
 109   3      kontrol(2);
 110   3      }
 111   2      
 112   2      if(P0==4)
 113   2      {
 114   3      kat1=3;
 115   3      kontrol(3);
 116   3      }
 117   2      
C51 COMPILER V8.01   ASANSOR                                                               05/21/2006 21:28:37 PAGE 3   

 118   2      if(P0==8)
 119   2      {
 120   3      kat1=4;
 121   3      kontrol(4);
 122   3      }
 123   2      
 124   2      if(P0==16)
 125   2      {
 126   3      kat1=5;
 127   3      kontrol(5);
 128   3      }
 129   2      }
 130   1      }


MODULE INFORMATION:   STATIC OVERLAYABLE
   CODE SIZE        =    412    ----
   CONSTANT SIZE    =   ----    ----
   XDATA SIZE       =   ----    ----
   PDATA SIZE       =   ----    ----
   DATA SIZE        =      6      10
   IDATA SIZE       =   ----    ----
   BIT SIZE         =   ----    ----
END OF MODULE INFORMATION.


C51 COMPILATION COMPLETE.  0 WARNING(S),  0 ERROR(S)
